<?xml version="1.0" encoding="UTF-8"?>
<testng-results skipped="0" failed="0" ignored="0" total="2" passed="2">
  <reporter-output>
  </reporter-output>
  <suite name="Default suite" duration-ms="10714" started-at="2020-06-11T12:53:35 PDT" finished-at="2020-06-11T12:53:46 PDT">
    <groups>
    </groups>
    <test name="Default test" duration-ms="10714" started-at="2020-06-11T12:53:35 PDT" finished-at="2020-06-11T12:53:46 PDT">
      <class name="core.AllureReportTest">
        <test-method status="PASS" signature="setUp()[pri:0, instance:core.AllureReportTest@680bddf5]" name="setUp" is-config="true" duration-ms="5362" started-at="2020-06-11T12:53:35 PDT" finished-at="2020-06-11T12:53:40 PDT">
          <reporter-output>
          </reporter-output>
        </test-method> <!-- setUp -->
        <test-method status="PASS" signature="SignUpTest()[pri:1, instance:core.AllureReportTest@680bddf5]" name="SignUpTest" duration-ms="740" started-at="2020-06-11T12:53:40 PDT" description="SignUp Page Validating" finished-at="2020-06-11T12:53:41 PDT">
          <reporter-output>
          </reporter-output>
        </test-method> <!-- SignUpTest -->
        <test-method status="PASS" signature="ConfirmationTest()[pri:2, instance:core.AllureReportTest@680bddf5]" name="ConfirmationTest" duration-ms="862" started-at="2020-06-11T12:53:41 PDT" description="Confirmation Page Validating" depends-on-methods="core.AllureReportTest.SignUpTest" finished-at="2020-06-11T12:53:42 PDT">
          <reporter-output>
          </reporter-output>
        </test-method> <!-- ConfirmationTest -->
        <test-method status="PASS" signature="tearDowm()[pri:0, instance:core.AllureReportTest@680bddf5]" name="tearDowm" is-config="true" duration-ms="3601" started-at="2020-06-11T12:53:42 PDT" finished-at="2020-06-11T12:53:46 PDT">
          <reporter-output>
          </reporter-output>
        </test-method> <!-- tearDowm -->
      </class> <!-- core.AllureReportTest -->
    </test> <!-- Default test -->
  </suite> <!-- Default suite -->
</testng-results>
