<?xml version="1.0" encoding="UTF-8"?>
<testng-results skipped="0" failed="0" ignored="0" total="2" passed="2">
  <reporter-output>
  </reporter-output>
  <suite name="Default suite" duration-ms="10150" started-at="2020-06-17T18:52:58 PDT" finished-at="2020-06-17T18:53:08 PDT">
    <groups>
    </groups>
    <test name="Default test" duration-ms="10150" started-at="2020-06-17T18:52:58 PDT" finished-at="2020-06-17T18:53:08 PDT">
      <class name="core.AllureReportTest">
        <test-method status="PASS" signature="setUp()[pri:0, instance:core.AllureReportTest@7d2a6eac]" name="setUp" is-config="true" duration-ms="5869" started-at="2020-06-17T18:52:58 PDT" finished-at="2020-06-17T18:53:04 PDT">
          <reporter-output>
          </reporter-output>
        </test-method> <!-- setUp -->
        <test-method status="PASS" signature="SignUpTest()[pri:1, instance:core.AllureReportTest@7d2a6eac]" name="SignUpTest" duration-ms="1326" started-at="2020-06-17T18:53:04 PDT" description="SignUp Page Validating" finished-at="2020-06-17T18:53:06 PDT">
          <reporter-output>
          </reporter-output>
        </test-method> <!-- SignUpTest -->
        <test-method status="PASS" signature="ConfirmationTest()[pri:2, instance:core.AllureReportTest@7d2a6eac]" name="ConfirmationTest" duration-ms="1378" started-at="2020-06-17T18:53:06 PDT" description="Confirmation Page Validating" depends-on-methods="core.AllureReportTest.SignUpTest" finished-at="2020-06-17T18:53:07 PDT">
          <reporter-output>
          </reporter-output>
        </test-method> <!-- ConfirmationTest -->
        <test-method status="PASS" signature="tearDowm()[pri:0, instance:core.AllureReportTest@7d2a6eac]" name="tearDowm" is-config="true" duration-ms="1391" started-at="2020-06-17T18:53:07 PDT" finished-at="2020-06-17T18:53:08 PDT">
          <reporter-output>
          </reporter-output>
        </test-method> <!-- tearDowm -->
      </class> <!-- core.AllureReportTest -->
    </test> <!-- Default test -->
  </suite> <!-- Default suite -->
</testng-results>
